[debug] [2023-02-16T20:10:23.975Z] ----------------------------------------------------------------------
[debug] [2023-02-16T20:10:23.977Z] Command:       C:\Program Files\nodejs\node.exe C:\Users\Sulyman\AppData\Roaming\npm\node_modules\firebase-tools\lib\bin\firebase.js init hosting
[debug] [2023-02-16T20:10:23.977Z] CLI Version:   11.23.1
[debug] [2023-02-16T20:10:23.977Z] Platform:      win32
[debug] [2023-02-16T20:10:23.978Z] Node Version:  v16.15.1
[debug] [2023-02-16T20:10:23.978Z] Time:          Thu Feb 16 2023 21:10:23 GMT+0100 (West Africa Standard Time)
[debug] [2023-02-16T20:10:23.978Z] ----------------------------------------------------------------------
[debug] 
[debug] [2023-02-16T20:10:23.985Z] > command requires scopes: ["email","openid","https://www.googleapis.com/auth/cloudplatformprojects.readonly","https://www.googleapis.com/auth/firebase","https://www.googleapis.com/auth/cloud-platform"]
[debug] [2023-02-16T20:10:23.985Z] > authorizing via signed-in user (sulymansulyman001@gmail.com)
[info] 
     ######## #### ########  ######## ########     ###     ######  ########
     ##        ##  ##     ## ##       ##     ##  ##   ##  ##       ##
     ######    ##  ########  ######   ########  #########  ######  ######
     ##        ##  ##    ##  ##       ##     ## ##     ##       ## ##
     ##       #### ##     ## ######## ########  ##     ##  ######  ########

You're about to initialize a Firebase project in this directory:

  C:\Users\Sulyman\Documents\Frontend_Projects\Angular\userVerification

[info] 
=== Project Setup
[info] 
[info] First, let's associate this project directory with a Firebase project.
[info] You can create multiple project aliases by running firebase use --add, 
[info] but for now we'll just set up a default project.
[info] 
[info] i  If you want to create a project in a Google Cloud organization or folder, please use "firebase projects:create" instead, and return to this command when you've created the project. 
[debug] [2023-02-16T20:11:18.272Z] >>> [apiv2][query] POST https://cloudresourcemanager.googleapis.com/v1/projects [none]
[debug] [2023-02-16T20:11:18.272Z] >>> [apiv2][body] POST https://cloudresourcemanager.googleapis.com/v1/projects {"projectId":"Resturant12345.","name":"Resturant12345."}
[debug] [2023-02-16T20:11:19.267Z] <<< [apiv2][status] POST https://cloudresourcemanager.googleapis.com/v1/projects 400
[debug] [2023-02-16T20:11:19.267Z] <<< [apiv2][body] POST https://cloudresourcemanager.googleapis.com/v1/projects {"error":{"code":400,"message":"Request contains an invalid argument.","status":"INVALID_ARGUMENT","details":[{"@type":"type.googleapis.com/google.rpc.BadRequest","fieldViolations":[{"field":"project_id","description":"project_id contains invalid characters"},{"field":"display_name","description":"project display name contains invalid characters"}]},{"@type":"type.googleapis.com/google.rpc.Help","links":[{"url":"https://cloud.google.com/resource-manager/reference/rest/v1/projects"}]}]}}
[debug] [2023-02-16T20:11:19.512Z] FirebaseError: HTTP Error: 400, Request contains an invalid argument.
    at responseToError (C:\Users\Sulyman\AppData\Roaming\npm\node_modules\firebase-tools\lib\responseToError.js:49:12)
    at RetryOperation._fn (C:\Users\Sulyman\AppData\Roaming\npm\node_modules\firebase-tools\lib\apiv2.js:288:77)
    at processTicksAndRejections (node:internal/process/task_queues:96:5)
[error] 
[error] Error: Failed to create project. See firebase-debug.log for more info.
[debug] [2023-02-16T20:12:37.778Z] ----------------------------------------------------------------------
[debug] [2023-02-16T20:12:37.780Z] Command:       C:\Program Files\nodejs\node.exe C:\Users\Sulyman\AppData\Roaming\npm\node_modules\firebase-tools\lib\bin\firebase.js init hosting
[debug] [2023-02-16T20:12:37.780Z] CLI Version:   11.23.1
[debug] [2023-02-16T20:12:37.780Z] Platform:      win32
[debug] [2023-02-16T20:12:37.780Z] Node Version:  v16.15.1
[debug] [2023-02-16T20:12:37.781Z] Time:          Thu Feb 16 2023 21:12:37 GMT+0100 (West Africa Standard Time)
[debug] [2023-02-16T20:12:37.781Z] ----------------------------------------------------------------------
[debug] 
[debug] [2023-02-16T20:12:37.788Z] > command requires scopes: ["email","openid","https://www.googleapis.com/auth/cloudplatformprojects.readonly","https://www.googleapis.com/auth/firebase","https://www.googleapis.com/auth/cloud-platform"]
[debug] [2023-02-16T20:12:37.788Z] > authorizing via signed-in user (sulymansulyman001@gmail.com)
[info] 
     ######## #### ########  ######## ########     ###     ######  ########
     ##        ##  ##     ## ##       ##     ##  ##   ##  ##       ##
     ######    ##  ########  ######   ########  #########  ######  ######
     ##        ##  ##    ##  ##       ##     ## ##     ##       ## ##
     ##       #### ##     ## ######## ########  ##     ##  ######  ########

You're about to initialize a Firebase project in this directory:

  C:\Users\Sulyman\Documents\Frontend_Projects\Angular\userVerification

[info] 
=== Project Setup
[info] 
[info] First, let's associate this project directory with a Firebase project.
[info] You can create multiple project aliases by running firebase use --add, 
[info] but for now we'll just set up a default project.
[info] 
[debug] [2023-02-16T20:12:42.246Z] >>> [apiv2][query] GET https://firebase.googleapis.com/v1beta1/projects pageSize=100
[debug] [2023-02-16T20:12:42.923Z] <<< [apiv2][status] GET https://firebase.googleapis.com/v1beta1/projects 200
[debug] [2023-02-16T20:12:42.923Z] <<< [apiv2][body] GET https://firebase.googleapis.com/v1beta1/projects [omitted]
[info] i  Using project my-restaurant-ca2a4 (My Restaurant) 
[info] 
=== Hosting Setup
[info] 
[info] Your public directory is the folder (relative to your project directory) that
[info] will contain Hosting assets to be uploaded with firebase deploy. If you
[info] have a build process for your assets, use your build's output directory.
[info] 
[debug] [2023-02-16T20:13:04.631Z] >>> [apiv2][query] GET https://www.gstatic.com/firebasejs/releases.json [none]
[debug] [2023-02-16T20:13:04.875Z] <<< [apiv2][status] GET https://www.gstatic.com/firebasejs/releases.json 200
[debug] [2023-02-16T20:13:04.875Z] <<< [apiv2][body] GET https://www.gstatic.com/firebasejs/releases.json {"current":{"version":"9.17.1","browserURL":"https://www.gstatic.com/firebasejs/9.17.1/firebase.js","packageURL":"https://www.gstatic.com/firebasejs/9.17.1/firebase.tgz"},"live":{"version":"9.17","browserURL":"https://www.gstatic.com/firebasejs/live/9.17/firebase.js","packageURL":"https://www.gstatic.com/firebasejs/live/9.17/firebase.tgz"},"components":{"analytics":"https://www.gstatic.com/firebasejs/9.17.1/firebase-analytics.js","app":"https://www.gstatic.com/firebasejs/9.17.1/firebase-app.js","app-check":"https://www.gstatic.com/firebasejs/9.17.1/firebase-app-check.js","auth":"https://www.gstatic.com/firebasejs/9.17.1/firebase-auth.js","auth/cordova":"https://www.gstatic.com/firebasejs/9.17.1/firebase-auth/cordova.js","auth/react-native":"https://www.gstatic.com/firebasejs/9.17.1/firebase-auth/react-native.js","functions":"https://www.gstatic.com/firebasejs/9.17.1/firebase-functions.js","firestore":"https://www.gstatic.com/firebasejs/9.17.1/firebase-firestore.js","firestore/lite":"https://www.gstatic.com/firebasejs/9.17.1/firebase-firestore/lite.js","installations":"https://www.gstatic.com/firebasejs/9.17.1/firebase-installations.js","storage":"https://www.gstatic.com/firebasejs/9.17.1/firebase-storage.js","performance":"https://www.gstatic.com/firebasejs/9.17.1/firebase-performance.js","remote-config":"https://www.gstatic.com/firebasejs/9.17.1/firebase-remote-config.js","messaging":"https://www.gstatic.com/firebasejs/9.17.1/firebase-messaging.js","messaging/sw":"https://www.gstatic.com/firebasejs/9.17.1/firebase-messaging/sw.js","database":"https://www.gstatic.com/firebasejs/9.17.1/firebase-database.js","firestore.memory":"https://www.gstatic.com/firebasejs/9.17.1/firebase-firestore.memory.js"}}
[info] +  Wrote public/index.html 
[info] 
[info] i  Detected a .git folder at C:\Users\Sulyman\Documents\Frontend_Projects\Angular 
[info] i  Authorizing with GitHub to upload your service account to a GitHub repository's secrets store. 
[info] 
[info] Visit this URL on this device to log in:
[info] https://github.com/login/oauth/authorize?client_id=89cf50f02ac6aaed3484&state=239743890&redirect_uri=http%3A%2F%2Flocalhost%3A9005&scope=read%3Auser%20repo%20public_repo
[info] 
[info] Waiting for authentication...
[debug] [2023-02-16T20:13:33.656Z] >>> [apiv2][query] POST https://github.com/login/oauth/access_token [none]
[debug] [2023-02-16T20:13:33.656Z] >>> [apiv2][body] POST https://github.com/login/oauth/access_token [stream]
[debug] [2023-02-16T20:13:34.282Z] <<< [apiv2][status] POST https://github.com/login/oauth/access_token 200
[debug] [2023-02-16T20:13:34.282Z] <<< [apiv2][body] POST https://github.com/login/oauth/access_token {"access_token":"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","token_type":"bearer","scope":"read:user,repo"}
[debug] [2023-02-16T20:13:34.288Z] >>> [apiv2][query] GET https://api.github.com/user [none]
[debug] [2023-02-16T20:13:34.850Z] <<< [apiv2][status] GET https://api.github.com/user 200
[debug] [2023-02-16T20:13:34.850Z] <<< [apiv2][body] GET https://api.github.com/user {"login":"sulyman001","id":43894231,"node_id":"MDQ6VXNlcjQzODk0MjMx","avatar_url":"https://avatars.githubusercontent.com/u/43894231?v=4","gravatar_id":"","url":"https://api.github.com/users/sulyman001","html_url":"https://github.com/sulyman001","followers_url":"https://api.github.com/users/sulyman001/followers","following_url":"https://api.github.com/users/sulyman001/following{/other_user}","gists_url":"https://api.github.com/users/sulyman001/gists{/gist_id}","starred_url":"https://api.github.com/users/sulyman001/starred{/owner}{/repo}","subscriptions_url":"https://api.github.com/users/sulyman001/subscriptions","organizations_url":"https://api.github.com/users/sulyman001/orgs","repos_url":"https://api.github.com/users/sulyman001/repos","events_url":"https://api.github.com/users/sulyman001/events{/privacy}","received_events_url":"https://api.github.com/users/sulyman001/received_events","type":"User","site_admin":false,"name":null,"company":null,"blog":"","location":null,"email":null,"hireable":null,"bio":null,"twitter_username":null,"public_repos":26,"public_gists":0,"followers":10,"following":13,"created_at":"2018-10-05T20:37:53Z","updated_at":"2023-01-31T19:27:32Z","private_gists":0,"total_private_repos":2,"owned_private_repos":2,"disk_usage":11139,"collaborators":0,"two_factor_authentication":false,"plan":{"name":"pro","space":976562499,"collaborators":0,"private_repos":9999}}
[info] 
[info] +  Success! Logged into GitHub as sulyman001 
[info] 
[debug] [2023-02-16T20:13:45.955Z] >>> [apiv2][query] GET https://api.github.com/repos//actions/secrets/public-key type=owner
[debug] [2023-02-16T20:13:46.414Z] <<< [apiv2][status] GET https://api.github.com/repos//actions/secrets/public-key 404
[debug] [2023-02-16T20:13:46.415Z] <<< [apiv2][body] GET https://api.github.com/repos//actions/secrets/public-key {"message":"Not Found","documentation_url":"https://docs.github.com/rest"}
[debug] [2023-02-16T20:13:50.247Z] >>> [apiv2][query] GET https://api.github.com/repos//actions/secrets/public-key type=owner
[debug] [2023-02-16T20:13:50.700Z] <<< [apiv2][status] GET https://api.github.com/repos//actions/secrets/public-key 404
[debug] [2023-02-16T20:13:50.701Z] <<< [apiv2][body] GET https://api.github.com/repos//actions/secrets/public-key {"message":"Not Found","documentation_url":"https://docs.github.com/rest"}
[debug] [2023-02-16T20:13:51.413Z] >>> [apiv2][query] GET https://api.github.com/repos//actions/secrets/public-key type=owner
[debug] [2023-02-16T20:13:51.863Z] <<< [apiv2][status] GET https://api.github.com/repos//actions/secrets/public-key 404
[debug] [2023-02-16T20:13:51.863Z] <<< [apiv2][body] GET https://api.github.com/repos//actions/secrets/public-key {"message":"Not Found","documentation_url":"https://docs.github.com/rest"}
[debug] [2023-02-16T20:14:36.001Z] >>> [apiv2][query] GET https://api.github.com/repos//actions/secrets/public-key type=owner
[debug] [2023-02-16T20:14:36.562Z] <<< [apiv2][status] GET https://api.github.com/repos//actions/secrets/public-key 404
[debug] [2023-02-16T20:14:36.562Z] <<< [apiv2][body] GET https://api.github.com/repos//actions/secrets/public-key {"message":"Not Found","documentation_url":"https://docs.github.com/rest"}
